[
  {
    "level": "INFO",
    "message": "android.ndkVersion from module build.gradle is not set"
  },
  {
    "level": "INFO",
    "message": "ndk.dir in local.properties is C:\\Users\\QCL\\AppData\\Local\\Android\\Sdk\\ndk\\20.1.5948944"
  },
  {
    "level": "INFO",
    "message": "ANDROID_NDK_HOME environment variable is not set"
  },
  {
    "level": "INFO",
    "message": "sdkFolder is C:\\Users\\QCL\\AppData\\Local\\Android\\Sdk"
  },
  {
    "level": "INFO",
    "message": "Considering C:\\Users\\QCL\\AppData\\Local\\Android\\Sdk\\ndk\\20.1.5948944 by ndk.dir"
  },
  {
    "level": "INFO",
    "message": "Considering C:\\Users\\QCL\\AppData\\Local\\Android\\Sdk\\ndk-bundle in SDK ndk-bundle folder"
  },
  {
    "level": "INFO",
    "message": "Considering C:\\Users\\QCL\\AppData\\Local\\Android\\Sdk\\ndk\\20.1.5948944 in SDK ndk folder"
  },
  {
    "level": "INFO",
    "message": "Found requested ndk.dir (C:\\Users\\QCL\\AppData\\Local\\Android\\Sdk\\ndk\\20.1.5948944) which has version 20.1.5948944"
  }
]